Copyright 1986-2018 Xilinx, Inc. All Rights Reserved.
----------------------------------------------------------------------------------------------------------------------------------------------------------------------
| Tool Version     : Vivado v.2018.3 (win64) Build 2405991 Thu Dec  6 23:38:27 MST 2018
| Date             : Thu Nov 24 17:13:53 2022
| Host             : DESKTOP-MJLVP4C running 64-bit major release  (build 9200)
| Command          : report_power -file design_1_wrapper_power_routed.rpt -pb design_1_wrapper_power_summary_routed.pb -rpx design_1_wrapper_power_routed.rpx
| Design           : design_1_wrapper
| Device           : xc7z035ffg676-2
| Design State     : routed
| Grade            : commercial
| Process          : typical
| Characterization : Production
----------------------------------------------------------------------------------------------------------------------------------------------------------------------

Power Report

Table of Contents
-----------------
1. Summary
1.1 On-Chip Components
1.2 Power Supply Summary
1.3 Confidence Level
2. Settings
2.1 Environment
2.2 Clock Constraints
3. Detailed Reports
3.1 By Hierarchy

1. Summary
----------

+--------------------------+--------------+
| Total On-Chip Power (W)  | 3.032        |
| Design Power Budget (W)  | Unspecified* |
| Power Budget Margin (W)  | NA           |
| Dynamic (W)              | 2.789        |
| Device Static (W)        | 0.243        |
| Effective TJA (C/W)      | 1.9          |
| Max Ambient (C)          | 79.3         |
| Junction Temperature (C) | 30.7         |
| Confidence Level         | Low          |
| Setting File             | ---          |
| Simulation Activity File | ---          |
| Design Nets Matched      | NA           |
+--------------------------+--------------+
* Specify Design Power Budget using, set_operating_conditions -design_power_budget <value in Watts>


1.1 On-Chip Components
----------------------

+--------------------------+-----------+----------+-----------+-----------------+
| On-Chip                  | Power (W) | Used     | Available | Utilization (%) |
+--------------------------+-----------+----------+-----------+-----------------+
| Clocks                   |     0.235 |       14 |       --- |             --- |
| Slice Logic              |     0.110 |    53842 |       --- |             --- |
|   LUT as Logic           |     0.074 |    13760 |    171900 |            8.00 |
|   Register               |     0.014 |    27264 |    343800 |            7.93 |
|   CARRY4                 |     0.011 |     1286 |     54650 |            2.35 |
|   LUT as Shift Register  |     0.010 |     2233 |     70400 |            3.17 |
|   LUT as Distributed RAM |    <0.001 |      256 |     70400 |            0.36 |
|   F7/F8 Muxes            |    <0.001 |      295 |    218600 |            0.13 |
|   Others                 |     0.000 |     3820 |       --- |             --- |
| Signals                  |     0.182 |    39451 |       --- |             --- |
| Block RAM                |     0.302 |      192 |       500 |           38.40 |
| MMCM                     |     0.214 |        2 |         8 |           25.00 |
| DSPs                     |     0.135 |       64 |       900 |            7.11 |
| I/O                      |     0.068 |       44 |       250 |           17.60 |
| PS7                      |     1.542 |        1 |       --- |             --- |
| Static Power             |     0.243 |          |           |                 |
| Total                    |     3.032 |          |           |                 |
+--------------------------+-----------+----------+-----------+-----------------+


1.2 Power Supply Summary
------------------------

+-----------+-------------+-----------+-------------+------------+
| Source    | Voltage (V) | Total (A) | Dynamic (A) | Static (A) |
+-----------+-------------+-----------+-------------+------------+
| Vccint    |       1.000 |     1.016 |       0.947 |      0.069 |
| Vccaux    |       1.800 |     0.159 |       0.118 |      0.042 |
| Vcco33    |       3.300 |     0.000 |       0.000 |      0.000 |
| Vcco25    |       2.500 |     0.000 |       0.000 |      0.000 |
| Vcco18    |       1.800 |     0.037 |       0.036 |      0.001 |
| Vcco15    |       1.500 |     0.000 |       0.000 |      0.000 |
| Vcco135   |       1.350 |     0.000 |       0.000 |      0.000 |
| Vcco12    |       1.200 |     0.000 |       0.000 |      0.000 |
| Vccaux_io |       1.800 |     0.000 |       0.000 |      0.000 |
| Vccbram   |       1.000 |     0.032 |       0.022 |      0.010 |
| MGTAVcc   |       1.000 |     0.000 |       0.000 |      0.000 |
| MGTAVtt   |       1.200 |     0.000 |       0.000 |      0.000 |
| MGTVccaux |       1.800 |     0.000 |       0.000 |      0.000 |
| Vccpint   |       1.000 |     0.753 |       0.734 |      0.019 |
| Vccpaux   |       1.800 |     0.061 |       0.051 |      0.010 |
| Vccpll    |       1.800 |     0.017 |       0.014 |      0.003 |
| Vcco_ddr  |       1.500 |     0.459 |       0.457 |      0.002 |
| Vcco_mio0 |       3.300 |     0.003 |       0.002 |      0.001 |
| Vcco_mio1 |       1.800 |     0.002 |       0.001 |      0.001 |
| Vccadc    |       1.800 |     0.020 |       0.000 |      0.020 |
+-----------+-------------+-----------+-------------+------------+


1.3 Confidence Level
--------------------

+-----------------------------+------------+--------------------------------------------------------+------------------------------------------------------------------------------------------------------------+
| User Input Data             | Confidence | Details                                                | Action                                                                                                     |
+-----------------------------+------------+--------------------------------------------------------+------------------------------------------------------------------------------------------------------------+
| Design implementation state | High       | Design is routed                                       |                                                                                                            |
| Clock nodes activity        | High       | User specified more than 95% of clocks                 |                                                                                                            |
| I/O nodes activity          | Low        | More than 75% of inputs are missing user specification | Provide missing input activity with simulation results or by editing the "By Resource Type -> I/Os" view   |
| Internal nodes activity     | Medium     | User specified less than 25% of internal nodes         | Provide missing internal nodes activity with simulation results or by editing the "By Resource Type" views |
| Device models               | High       | Device models are Production                           |                                                                                                            |
|                             |            |                                                        |                                                                                                            |
| Overall confidence level    | Low        |                                                        |                                                                                                            |
+-----------------------------+------------+--------------------------------------------------------+------------------------------------------------------------------------------------------------------------+


2. Settings
-----------

2.1 Environment
---------------

+-----------------------+--------------------------+
| Ambient Temp (C)      | 25.0                     |
| ThetaJA (C/W)         | 1.9                      |
| Airflow (LFM)         | 250                      |
| Heat Sink             | medium (Medium Profile)  |
| ThetaSA (C/W)         | 3.4                      |
| Board Selection       | medium (10"x10")         |
| # of Board Layers     | 12to15 (12 to 15 Layers) |
| Board Temperature (C) | 25.0                     |
+-----------------------+--------------------------+


2.2 Clock Constraints
---------------------

+--------------------------------------------------------------------------------------------+----------------------------------------------------------------------+-----------------+
| Clock                                                                                      | Domain                                                               | Constraint (ns) |
+--------------------------------------------------------------------------------------------+----------------------------------------------------------------------+-----------------+
| CLK_IN1_D_0_clk_p                                                                          | CLK_IN1_D_0_clk_p                                                    |             8.0 |
| I                                                                                          | design_1_i/axi_dynclk_0/U0/Inst_mmcme2_drp/I                         |             2.0 |
| I                                                                                          | design_1_i/axi_dynclk_0/U0/PXL_CLK_5X_O                              |             2.0 |
| axi_dynclk_0_PXL_CLK_O                                                                     | design_1_i/axi_dynclk_0/U0/PXL_CLK_O                                 |            10.0 |
| clk_fpga_0                                                                                 | design_1_i/processing_system7_0/inst/FCLK_CLK_unbuffered[0]          |            10.0 |
| clk_fpga_1                                                                                 | design_1_i/processing_system7_0/inst/FCLK_CLK_unbuffered[1]          |             7.0 |
| clk_fpga_2                                                                                 | design_1_i/processing_system7_0/inst/FCLK_CLK_unbuffered[2]          |             4.0 |
| clk_out1_design_1_clk_wiz_0_0                                                              | design_1_i/clk_wiz_0/inst/clk_out1_design_1_clk_wiz_0_0              |             4.0 |
| clk_out2_design_1_clk_wiz_0_0                                                              | design_1_i/clk_wiz_0/inst/clk_out2_design_1_clk_wiz_0_0              |             8.0 |
| clkfbout_design_1_clk_wiz_0_0                                                              | design_1_i/clk_wiz_0/inst/clkfbout_design_1_clk_wiz_0_0              |             8.0 |
| dbg_hub/inst/BSCANID.u_xsdbm_id/SWITCH_N_EXT_BSCAN.bscan_inst/SERIES7_BSCAN.bscan_inst/TCK | dbg_hub/inst/BSCANID.u_xsdbm_id/SWITCH_N_EXT_BSCAN.bscan_inst/tck_bs |            33.0 |
| mmcm_fbclk_out                                                                             | design_1_i/axi_dynclk_0/U0/Inst_mmcme2_drp/mmcm_fbclk_out            |            10.0 |
+--------------------------------------------------------------------------------------------+----------------------------------------------------------------------+-----------------+


3. Detailed Reports
-------------------

3.1 By Hierarchy
----------------

+--------------------------+-----------+
| Name                     | Power (W) |
+--------------------------+-----------+
| design_1_wrapper         |     2.789 |
|   dbg_hub                |     0.005 |
|     inst                 |     0.005 |
|       BSCANID.u_xsdbm_id |     0.005 |
|   design_1_i             |     2.783 |
|     adc_read_0           |     0.026 |
|       inst               |     0.026 |
|     axi_dma_0            |     0.019 |
|       U0                 |     0.019 |
|     axi_dynclk_0         |     0.110 |
|       U0                 |     0.110 |
|     axi_smc              |     0.010 |
|       inst               |     0.010 |
|     axi_smc1             |     0.018 |
|       inst               |     0.018 |
|     axi_vdma_0           |     0.017 |
|       U0                 |     0.017 |
|     clk_wiz_0            |     0.109 |
|       inst               |     0.109 |
|     direct_fft_0         |     0.654 |
|       inst               |     0.654 |
|     processing_system7_0 |     1.544 |
|       inst               |     1.544 |
|     ps7_0_axi_periph     |     0.006 |
|       s00_couplers       |     0.005 |
|       xbar               |     0.001 |
|     rgb2dvi_0            |     0.069 |
|       U0                 |     0.069 |
|     system_ila_0         |     0.139 |
|       inst               |     0.139 |
|     v_axi4s_vid_out_0    |     0.007 |
|       inst               |     0.007 |
|     v_tc_0               |     0.014 |
|       U0                 |     0.014 |
|     window_0             |     0.039 |
|       inst               |     0.039 |
+--------------------------+-----------+


