
*** Running vivado
    with args -log design_1_window_0_0.vds -m64 -product Vivado -mode batch -messageDb vivado.pb -notrace -source design_1_window_0_0.tcl


****** Vivado v2018.3 (64-bit)
  **** SW Build 2405991 on Thu Dec  6 23:38:27 MST 2018
  **** IP Build 2404404 on Fri Dec  7 01:43:56 MST 2018
    ** Copyright 1986-2018 Xilinx, Inc. All Rights Reserved.

source design_1_window_0_0.tcl -notrace
INFO: [IP_Flow 19-234] Refreshing IP repositories
INFO: [IP_Flow 19-1700] Loaded user IP repository 'l:/PersonalProjects/Xilinx/ip_repo/PL_IOcontrol/PL_IOcontrol_1.0'.
WARNING: [IP_Flow 19-2248] Failed to load user IP repository 'l:/PersonalProjects/Xilinx/SpectrumAnalyzer4/ip_repo/direct_fft_1.0'; Can't find the specified path.
If this directory should no longer be in your list of user repositories, go to the IP Settings dialog and remove it.
INFO: [IP_Flow 19-1700] Loaded user IP repository 'l:/PersonalProjects/Xilinx/SpecialSources'.
INFO: [IP_Flow 19-2313] Loaded Vivado IP repository 'T:/AdvanceSoftwares/Xilinx2018/Vivado/2018.3/data/ip'.
WARNING: [IP_Flow 19-4995] The host OS only allows 260 characters in a normal path. The IP cache path is more than 80 characters. If you experience issues with IP caching, please consider changing the IP cache to a location with a shorter path. Alternately consider using the OS subst command to map part of the path to a drive letter. 
Current IP cache path is l:/PersonalProjects/Xilinx/SpectrumAnalyzer_FFT_windows/SpectrumAnalyzer_FFT_windows.cache/ip 
Command: synth_design -top design_1_window_0_0 -part xc7z035ffg676-2 -mode out_of_context
Starting synth_design
Attempting to get a license for feature 'Synthesis' and/or device 'xc7z035'
INFO: [Common 17-349] Got license for feature 'Synthesis' and/or device 'xc7z035'
INFO: Launching helper process for spawning children vivado processes
INFO: Helper process launched with PID 17324 
---------------------------------------------------------------------------------
Starting RTL Elaboration : Time (s): cpu = 00:00:06 ; elapsed = 00:00:07 . Memory (MB): peak = 379.188 ; gain = 106.043
---------------------------------------------------------------------------------
INFO: [Synth 8-6157] synthesizing module 'design_1_window_0_0' [l:/PersonalProjects/Xilinx/SpectrumAnalyzer_FFT_windows/SpectrumAnalyzer_FFT_windows.srcs/sources_1/bd/design_1/ip/design_1_window_0_0/synth/design_1_window_0_0.v:58]
INFO: [Synth 8-6157] synthesizing module 'window' [L:/PersonalProjects/Xilinx/SpectrumAnalyzer_FFT_windows/SpectrumAnalyzer_FFT_windows.srcs/sources_1/new/window.v:23]
INFO: [Synth 8-155] case statement is not full and has no default [L:/PersonalProjects/Xilinx/SpectrumAnalyzer_FFT_windows/SpectrumAnalyzer_FFT_windows.srcs/sources_1/new/window.v:94]
INFO: [Synth 8-638] synthesizing module 'rom_hann' [l:/PersonalProjects/Xilinx/SpectrumAnalyzer_FFT_windows/SpectrumAnalyzer_FFT_windows.srcs/sources_1/ip/rom_hann/synth/rom_hann.vhd:68]
	Parameter C_FAMILY bound to: zynq - type: string 
	Parameter C_XDEVICEFAMILY bound to: zynq - type: string 
	Parameter C_ELABORATION_DIR bound to: ./ - type: string 
	Parameter C_INTERFACE_TYPE bound to: 0 - type: integer 
	Parameter C_AXI_TYPE bound to: 1 - type: integer 
	Parameter C_AXI_SLAVE_TYPE bound to: 0 - type: integer 
	Parameter C_USE_BRAM_BLOCK bound to: 0 - type: integer 
	Parameter C_ENABLE_32BIT_ADDRESS bound to: 0 - type: integer 
	Parameter C_CTRL_ECC_ALGO bound to: NONE - type: string 
	Parameter C_HAS_AXI_ID bound to: 0 - type: integer 
	Parameter C_AXI_ID_WIDTH bound to: 4 - type: integer 
	Parameter C_MEM_TYPE bound to: 3 - type: integer 
	Parameter C_BYTE_SIZE bound to: 9 - type: integer 
	Parameter C_ALGORITHM bound to: 1 - type: integer 
	Parameter C_PRIM_TYPE bound to: 1 - type: integer 
	Parameter C_LOAD_INIT_FILE bound to: 1 - type: integer 
	Parameter C_INIT_FILE_NAME bound to: rom_hann.mif - type: string 
	Parameter C_INIT_FILE bound to: rom_hann.mem - type: string 
	Parameter C_USE_DEFAULT_DATA bound to: 0 - type: integer 
	Parameter C_DEFAULT_DATA bound to: 0 - type: string 
	Parameter C_HAS_RSTA bound to: 0 - type: integer 
	Parameter C_RST_PRIORITY_A bound to: CE - type: string 
	Parameter C_RSTRAM_A bound to: 0 - type: integer 
	Parameter C_INITA_VAL bound to: 0 - type: string 
	Parameter C_HAS_ENA bound to: 1 - type: integer 
	Parameter C_HAS_REGCEA bound to: 0 - type: integer 
	Parameter C_USE_BYTE_WEA bound to: 0 - type: integer 
	Parameter C_WEA_WIDTH bound to: 1 - type: integer 
	Parameter C_WRITE_MODE_A bound to: WRITE_FIRST - type: string 
	Parameter C_WRITE_WIDTH_A bound to: 32 - type: integer 
	Parameter C_READ_WIDTH_A bound to: 32 - type: integer 
	Parameter C_WRITE_DEPTH_A bound to: 8192 - type: integer 
	Parameter C_READ_DEPTH_A bound to: 8192 - type: integer 
	Parameter C_ADDRA_WIDTH bound to: 13 - type: integer 
	Parameter C_HAS_RSTB bound to: 0 - type: integer 
	Parameter C_RST_PRIORITY_B bound to: CE - type: string 
	Parameter C_RSTRAM_B bound to: 0 - type: integer 
	Parameter C_INITB_VAL bound to: 0 - type: string 
	Parameter C_HAS_ENB bound to: 0 - type: integer 
	Parameter C_HAS_REGCEB bound to: 0 - type: integer 
	Parameter C_USE_BYTE_WEB bound to: 0 - type: integer 
	Parameter C_WEB_WIDTH bound to: 1 - type: integer 
	Parameter C_WRITE_MODE_B bound to: WRITE_FIRST - type: string 
	Parameter C_WRITE_WIDTH_B bound to: 32 - type: integer 
	Parameter C_READ_WIDTH_B bound to: 32 - type: integer 
	Parameter C_WRITE_DEPTH_B bound to: 8192 - type: integer 
	Parameter C_READ_DEPTH_B bound to: 8192 - type: integer 
	Parameter C_ADDRB_WIDTH bound to: 13 - type: integer 
	Parameter C_HAS_MEM_OUTPUT_REGS_A bound to: 0 - type: integer 
	Parameter C_HAS_MEM_OUTPUT_REGS_B bound to: 0 - type: integer 
	Parameter C_HAS_MUX_OUTPUT_REGS_A bound to: 0 - type: integer 
	Parameter C_HAS_MUX_OUTPUT_REGS_B bound to: 0 - type: integer 
	Parameter C_MUX_PIPELINE_STAGES bound to: 0 - type: integer 
	Parameter C_HAS_SOFTECC_INPUT_REGS_A bound to: 0 - type: integer 
	Parameter C_HAS_SOFTECC_OUTPUT_REGS_B bound to: 0 - type: integer 
	Parameter C_USE_SOFTECC bound to: 0 - type: integer 
	Parameter C_USE_ECC bound to: 0 - type: integer 
	Parameter C_EN_ECC_PIPE bound to: 0 - type: integer 
	Parameter C_READ_LATENCY_A bound to: 1 - type: integer 
	Parameter C_READ_LATENCY_B bound to: 1 - type: integer 
	Parameter C_HAS_INJECTERR bound to: 0 - type: integer 
	Parameter C_SIM_COLLISION_CHECK bound to: ALL - type: string 
	Parameter C_COMMON_CLK bound to: 0 - type: integer 
	Parameter C_DISABLE_WARN_BHV_COLL bound to: 0 - type: integer 
	Parameter C_EN_SLEEP_PIN bound to: 0 - type: integer 
	Parameter C_USE_URAM bound to: 0 - type: integer 
	Parameter C_EN_RDADDRA_CHG bound to: 0 - type: integer 
	Parameter C_EN_RDADDRB_CHG bound to: 0 - type: integer 
	Parameter C_EN_DEEPSLEEP_PIN bound to: 0 - type: integer 
	Parameter C_EN_SHUTDOWN_PIN bound to: 0 - type: integer 
	Parameter C_EN_SAFETY_CKT bound to: 0 - type: integer 
	Parameter C_DISABLE_WARN_BHV_RANGE bound to: 0 - type: integer 
	Parameter C_COUNT_36K_BRAM bound to: 7 - type: string 
	Parameter C_COUNT_18K_BRAM bound to: 1 - type: string 
	Parameter C_EST_POWER_SUMMARY bound to: Estimated Power for IP     :     10.510148 mW - type: string 
INFO: [Synth 8-3491] module 'blk_mem_gen_v8_4_2' declared at 'l:/PersonalProjects/Xilinx/SpectrumAnalyzer_FFT_windows/SpectrumAnalyzer_FFT_windows.srcs/sources_1/ip/rom_blackman/hdl/blk_mem_gen_v8_4_vhsyn_rfs.vhd:195321' bound to instance 'U0' of component 'blk_mem_gen_v8_4_2' [l:/PersonalProjects/Xilinx/SpectrumAnalyzer_FFT_windows/SpectrumAnalyzer_FFT_windows.srcs/sources_1/ip/rom_hann/synth/rom_hann.vhd:232]
INFO: [Synth 8-256] done synthesizing module 'rom_hann' (11#1) [l:/PersonalProjects/Xilinx/SpectrumAnalyzer_FFT_windows/SpectrumAnalyzer_FFT_windows.srcs/sources_1/ip/rom_hann/synth/rom_hann.vhd:68]
INFO: [Synth 8-638] synthesizing module 'rom_blackman' [l:/PersonalProjects/Xilinx/SpectrumAnalyzer_FFT_windows/SpectrumAnalyzer_FFT_windows.srcs/sources_1/ip/rom_blackman/synth/rom_blackman.vhd:68]
	Parameter C_FAMILY bound to: zynq - type: string 
	Parameter C_XDEVICEFAMILY bound to: zynq - type: string 
	Parameter C_ELABORATION_DIR bound to: ./ - type: string 
	Parameter C_INTERFACE_TYPE bound to: 0 - type: integer 
	Parameter C_AXI_TYPE bound to: 1 - type: integer 
	Parameter C_AXI_SLAVE_TYPE bound to: 0 - type: integer 
	Parameter C_USE_BRAM_BLOCK bound to: 0 - type: integer 
	Parameter C_ENABLE_32BIT_ADDRESS bound to: 0 - type: integer 
	Parameter C_CTRL_ECC_ALGO bound to: NONE - type: string 
	Parameter C_HAS_AXI_ID bound to: 0 - type: integer 
	Parameter C_AXI_ID_WIDTH bound to: 4 - type: integer 
	Parameter C_MEM_TYPE bound to: 3 - type: integer 
	Parameter C_BYTE_SIZE bound to: 9 - type: integer 
	Parameter C_ALGORITHM bound to: 1 - type: integer 
	Parameter C_PRIM_TYPE bound to: 1 - type: integer 
	Parameter C_LOAD_INIT_FILE bound to: 1 - type: integer 
	Parameter C_INIT_FILE_NAME bound to: rom_blackman.mif - type: string 
	Parameter C_INIT_FILE bound to: rom_blackman.mem - type: string 
	Parameter C_USE_DEFAULT_DATA bound to: 0 - type: integer 
	Parameter C_DEFAULT_DATA bound to: 0 - type: string 
	Parameter C_HAS_RSTA bound to: 0 - type: integer 
	Parameter C_RST_PRIORITY_A bound to: CE - type: string 
	Parameter C_RSTRAM_A bound to: 0 - type: integer 
	Parameter C_INITA_VAL bound to: 0 - type: string 
	Parameter C_HAS_ENA bound to: 1 - type: integer 
	Parameter C_HAS_REGCEA bound to: 0 - type: integer 
	Parameter C_USE_BYTE_WEA bound to: 0 - type: integer 
	Parameter C_WEA_WIDTH bound to: 1 - type: integer 
	Parameter C_WRITE_MODE_A bound to: WRITE_FIRST - type: string 
	Parameter C_WRITE_WIDTH_A bound to: 32 - type: integer 
	Parameter C_READ_WIDTH_A bound to: 32 - type: integer 
	Parameter C_WRITE_DEPTH_A bound to: 8192 - type: integer 
	Parameter C_READ_DEPTH_A bound to: 8192 - type: integer 
	Parameter C_ADDRA_WIDTH bound to: 13 - type: integer 
	Parameter C_HAS_RSTB bound to: 0 - type: integer 
	Parameter C_RST_PRIORITY_B bound to: CE - type: string 
	Parameter C_RSTRAM_B bound to: 0 - type: integer 
	Parameter C_INITB_VAL bound to: 0 - type: string 
	Parameter C_HAS_ENB bound to: 0 - type: integer 
	Parameter C_HAS_REGCEB bound to: 0 - type: integer 
	Parameter C_USE_BYTE_WEB bound to: 0 - type: integer 
	Parameter C_WEB_WIDTH bound to: 1 - type: integer 
	Parameter C_WRITE_MODE_B bound to: WRITE_FIRST - type: string 
	Parameter C_WRITE_WIDTH_B bound to: 32 - type: integer 
	Parameter C_READ_WIDTH_B bound to: 32 - type: integer 
	Parameter C_WRITE_DEPTH_B bound to: 8192 - type: integer 
	Parameter C_READ_DEPTH_B bound to: 8192 - type: integer 
	Parameter C_ADDRB_WIDTH bound to: 13 - type: integer 
	Parameter C_HAS_MEM_OUTPUT_REGS_A bound to: 0 - type: integer 
	Parameter C_HAS_MEM_OUTPUT_REGS_B bound to: 0 - type: integer 
	Parameter C_HAS_MUX_OUTPUT_REGS_A bound to: 0 - type: integer 
	Parameter C_HAS_MUX_OUTPUT_REGS_B bound to: 0 - type: integer 
	Parameter C_MUX_PIPELINE_STAGES bound to: 0 - type: integer 
	Parameter C_HAS_SOFTECC_INPUT_REGS_A bound to: 0 - type: integer 
	Parameter C_HAS_SOFTECC_OUTPUT_REGS_B bound to: 0 - type: integer 
	Parameter C_USE_SOFTECC bound to: 0 - type: integer 
	Parameter C_USE_ECC bound to: 0 - type: integer 
	Parameter C_EN_ECC_PIPE bound to: 0 - type: integer 
	Parameter C_READ_LATENCY_A bound to: 1 - type: integer 
	Parameter C_READ_LATENCY_B bound to: 1 - type: integer 
	Parameter C_HAS_INJECTERR bound to: 0 - type: integer 
	Parameter C_SIM_COLLISION_CHECK bound to: ALL - type: string 
	Parameter C_COMMON_CLK bound to: 0 - type: integer 
	Parameter C_DISABLE_WARN_BHV_COLL bound to: 0 - type: integer 
	Parameter C_EN_SLEEP_PIN bound to: 0 - type: integer 
	Parameter C_USE_URAM bound to: 0 - type: integer 
	Parameter C_EN_RDADDRA_CHG bound to: 0 - type: integer 
	Parameter C_EN_RDADDRB_CHG bound to: 0 - type: integer 
	Parameter C_EN_DEEPSLEEP_PIN bound to: 0 - type: integer 
	Parameter C_EN_SHUTDOWN_PIN bound to: 0 - type: integer 
	Parameter C_EN_SAFETY_CKT bound to: 0 - type: integer 
	Parameter C_DISABLE_WARN_BHV_RANGE bound to: 0 - type: integer 
	Parameter C_COUNT_36K_BRAM bound to: 7 - type: string 
	Parameter C_COUNT_18K_BRAM bound to: 1 - type: string 
	Parameter C_EST_POWER_SUMMARY bound to: Estimated Power for IP     :     10.510148 mW - type: string 
INFO: [Synth 8-3491] module 'blk_mem_gen_v8_4_2' declared at 'l:/PersonalProjects/Xilinx/SpectrumAnalyzer_FFT_windows/SpectrumAnalyzer_FFT_windows.srcs/sources_1/ip/rom_blackman/hdl/blk_mem_gen_v8_4_vhsyn_rfs.vhd:195321' bound to instance 'U0' of component 'blk_mem_gen_v8_4_2' [l:/PersonalProjects/Xilinx/SpectrumAnalyzer_FFT_windows/SpectrumAnalyzer_FFT_windows.srcs/sources_1/ip/rom_blackman/synth/rom_blackman.vhd:232]
INFO: [Synth 8-256] done synthesizing module 'rom_blackman' (12#1) [l:/PersonalProjects/Xilinx/SpectrumAnalyzer_FFT_windows/SpectrumAnalyzer_FFT_windows.srcs/sources_1/ip/rom_blackman/synth/rom_blackman.vhd:68]
INFO: [Synth 8-638] synthesizing module 'float_multiplier_win' [l:/PersonalProjects/Xilinx/SpectrumAnalyzer_FFT_windows/SpectrumAnalyzer_FFT_windows.srcs/sources_1/ip/float_multiplier_win/synth/float_multiplier_win.vhd:74]
	Parameter C_XDEVICEFAMILY bound to: zynq - type: string 
	Parameter C_HAS_ADD bound to: 0 - type: integer 
	Parameter C_HAS_SUBTRACT bound to: 0 - type: integer 
	Parameter C_HAS_MULTIPLY bound to: 1 - type: integer 
	Parameter C_HAS_DIVIDE bound to: 0 - type: integer 
	Parameter C_HAS_SQRT bound to: 0 - type: integer 
	Parameter C_HAS_COMPARE bound to: 0 - type: integer 
	Parameter C_HAS_FIX_TO_FLT bound to: 0 - type: integer 
	Parameter C_HAS_FLT_TO_FIX bound to: 0 - type: integer 
	Parameter C_HAS_FLT_TO_FLT bound to: 0 - type: integer 
	Parameter C_HAS_RECIP bound to: 0 - type: integer 
	Parameter C_HAS_RECIP_SQRT bound to: 0 - type: integer 
	Parameter C_HAS_ABSOLUTE bound to: 0 - type: integer 
	Parameter C_HAS_LOGARITHM bound to: 0 - type: integer 
	Parameter C_HAS_EXPONENTIAL bound to: 0 - type: integer 
	Parameter C_HAS_FMA bound to: 0 - type: integer 
	Parameter C_HAS_FMS bound to: 0 - type: integer 
	Parameter C_HAS_ACCUMULATOR_A bound to: 0 - type: integer 
	Parameter C_HAS_ACCUMULATOR_S bound to: 0 - type: integer 
	Parameter C_A_WIDTH bound to: 32 - type: integer 
	Parameter C_A_FRACTION_WIDTH bound to: 24 - type: integer 
	Parameter C_B_WIDTH bound to: 32 - type: integer 
	Parameter C_B_FRACTION_WIDTH bound to: 24 - type: integer 
	Parameter C_C_WIDTH bound to: 32 - type: integer 
	Parameter C_C_FRACTION_WIDTH bound to: 24 - type: integer 
	Parameter C_RESULT_WIDTH bound to: 32 - type: integer 
	Parameter C_RESULT_FRACTION_WIDTH bound to: 24 - type: integer 
	Parameter C_COMPARE_OPERATION bound to: 8 - type: integer 
	Parameter C_LATENCY bound to: 9 - type: integer 
	Parameter C_OPTIMIZATION bound to: 1 - type: integer 
	Parameter C_MULT_USAGE bound to: 2 - type: integer 
	Parameter C_BRAM_USAGE bound to: 0 - type: integer 
	Parameter C_RATE bound to: 1 - type: integer 
	Parameter C_ACCUM_INPUT_MSB bound to: 32 - type: integer 
	Parameter C_ACCUM_MSB bound to: 32 - type: integer 
	Parameter C_ACCUM_LSB bound to: -31 - type: integer 
	Parameter C_HAS_UNDERFLOW bound to: 0 - type: integer 
	Parameter C_HAS_OVERFLOW bound to: 0 - type: integer 
	Parameter C_HAS_INVALID_OP bound to: 0 - type: integer 
	Parameter C_HAS_DIVIDE_BY_ZERO bound to: 0 - type: integer 
	Parameter C_HAS_ACCUM_OVERFLOW bound to: 0 - type: integer 
	Parameter C_HAS_ACCUM_INPUT_OVERFLOW bound to: 0 - type: integer 
	Parameter C_HAS_ACLKEN bound to: 0 - type: integer 
	Parameter C_HAS_ARESETN bound to: 0 - type: integer 
	Parameter C_THROTTLE_SCHEME bound to: 1 - type: integer 
	Parameter C_HAS_A_TUSER bound to: 0 - type: integer 
	Parameter C_HAS_A_TLAST bound to: 0 - type: integer 
	Parameter C_HAS_B bound to: 1 - type: integer 
	Parameter C_HAS_B_TUSER bound to: 0 - type: integer 
	Parameter C_HAS_B_TLAST bound to: 0 - type: integer 
	Parameter C_HAS_C bound to: 0 - type: integer 
	Parameter C_HAS_C_TUSER bound to: 0 - type: integer 
	Parameter C_HAS_C_TLAST bound to: 0 - type: integer 
	Parameter C_HAS_OPERATION bound to: 0 - type: integer 
	Parameter C_HAS_OPERATION_TUSER bound to: 0 - type: integer 
	Parameter C_HAS_OPERATION_TLAST bound to: 0 - type: integer 
	Parameter C_HAS_RESULT_TUSER bound to: 0 - type: integer 
	Parameter C_HAS_RESULT_TLAST bound to: 0 - type: integer 
	Parameter C_TLAST_RESOLUTION bound to: 0 - type: integer 
	Parameter C_A_TDATA_WIDTH bound to: 32 - type: integer 
	Parameter C_A_TUSER_WIDTH bound to: 1 - type: integer 
	Parameter C_B_TDATA_WIDTH bound to: 32 - type: integer 
	Parameter C_B_TUSER_WIDTH bound to: 1 - type: integer 
	Parameter C_C_TDATA_WIDTH bound to: 32 - type: integer 
	Parameter C_C_TUSER_WIDTH bound to: 1 - type: integer 
	Parameter C_OPERATION_TDATA_WIDTH bound to: 8 - type: integer 
	Parameter C_OPERATION_TUSER_WIDTH bound to: 1 - type: integer 
	Parameter C_RESULT_TDATA_WIDTH bound to: 32 - type: integer 
	Parameter C_RESULT_TUSER_WIDTH bound to: 1 - type: integer 
	Parameter C_FIXED_DATA_UNSIGNED bound to: 0 - type: integer 
INFO: [Synth 8-3491] module 'floating_point_v7_1_7' declared at 'l:/PersonalProjects/Xilinx/SpectrumAnalyzer_FFT_windows/SpectrumAnalyzer_FFT_windows.srcs/sources_1/ip/float_multiplier_win/hdl/floating_point_v7_1_vh_rfs.vhd:91615' bound to instance 'U0' of component 'floating_point_v7_1_7' [l:/PersonalProjects/Xilinx/SpectrumAnalyzer_FFT_windows/SpectrumAnalyzer_FFT_windows.srcs/sources_1/ip/float_multiplier_win/synth/float_multiplier_win.vhd:206]
INFO: [Synth 8-256] done synthesizing module 'float_multiplier_win' (33#1) [l:/PersonalProjects/Xilinx/SpectrumAnalyzer_FFT_windows/SpectrumAnalyzer_FFT_windows.srcs/sources_1/ip/float_multiplier_win/synth/float_multiplier_win.vhd:74]
INFO: [Synth 8-6155] done synthesizing module 'window' (34#1) [L:/PersonalProjects/Xilinx/SpectrumAnalyzer_FFT_windows/SpectrumAnalyzer_FFT_windows.srcs/sources_1/new/window.v:23]
INFO: [Synth 8-6155] done synthesizing module 'design_1_window_0_0' (35#1) [l:/PersonalProjects/Xilinx/SpectrumAnalyzer_FFT_windows/SpectrumAnalyzer_FFT_windows.srcs/sources_1/bd/design_1/ip/design_1_window_0_0/synth/design_1_window_0_0.v:58]
WARNING: [Synth 8-3331] design axi_slave_2to1 has unconnected port s_axis_a_tuser[0]
WARNING: [Synth 8-3331] design axi_slave_2to1 has unconnected port s_axis_a_tlast
WARNING: [Synth 8-3331] design axi_slave_2to1 has unconnected port s_axis_b_tuser[0]
WARNING: [Synth 8-3331] design axi_slave_2to1 has unconnected port s_axis_b_tlast
WARNING: [Synth 8-3331] design flt_dec_op_lat has unconnected port DEC_OP_STATE[11]
WARNING: [Synth 8-3331] design flt_dec_op_lat has unconnected port DEC_OP_STATE[10]
WARNING: [Synth 8-3331] design flt_dec_op_lat has unconnected port DEC_OP_STATE[9]
WARNING: [Synth 8-3331] design flt_dec_op_lat has unconnected port DEC_OP_STATE[8]
WARNING: [Synth 8-3331] design flt_dec_op_lat has unconnected port DIVIDE_BY_ZERO_IN
WARNING: [Synth 8-3331] design xbip_pipe_v3_0_5_viv__parameterized57 has unconnected port CLK
WARNING: [Synth 8-3331] design xbip_pipe_v3_0_5_viv__parameterized57 has unconnected port CE
WARNING: [Synth 8-3331] design xbip_pipe_v3_0_5_viv__parameterized57 has unconnected port SCLR
WARNING: [Synth 8-3331] design xbip_pipe_v3_0_5_viv__parameterized57 has unconnected port SSET
WARNING: [Synth 8-3331] design xbip_pipe_v3_0_5_viv__parameterized57 has unconnected port SINIT
WARNING: [Synth 8-3331] design carry_chain__parameterized4 has unconnected port B[7]
WARNING: [Synth 8-3331] design xbip_pipe_v3_0_5_viv__parameterized9 has unconnected port CLK
WARNING: [Synth 8-3331] design xbip_pipe_v3_0_5_viv__parameterized9 has unconnected port CE
WARNING: [Synth 8-3331] design xbip_pipe_v3_0_5_viv__parameterized9 has unconnected port SCLR
WARNING: [Synth 8-3331] design xbip_pipe_v3_0_5_viv__parameterized9 has unconnected port SSET
WARNING: [Synth 8-3331] design xbip_pipe_v3_0_5_viv__parameterized9 has unconnected port SINIT
WARNING: [Synth 8-3331] design xbip_pipe_v3_0_5_viv__parameterized51 has unconnected port SCLR
WARNING: [Synth 8-3331] design xbip_pipe_v3_0_5_viv__parameterized51 has unconnected port SSET
WARNING: [Synth 8-3331] design xbip_pipe_v3_0_5_viv__parameterized51 has unconnected port SINIT
WARNING: [Synth 8-3331] design xbip_pipe_v3_0_5_viv__parameterized55 has unconnected port SCLR
WARNING: [Synth 8-3331] design xbip_pipe_v3_0_5_viv__parameterized55 has unconnected port SSET
WARNING: [Synth 8-3331] design xbip_pipe_v3_0_5_viv__parameterized55 has unconnected port SINIT
WARNING: [Synth 8-3331] design xbip_pipe_v3_0_5_viv__parameterized53 has unconnected port SCLR
WARNING: [Synth 8-3331] design xbip_pipe_v3_0_5_viv__parameterized53 has unconnected port SSET
WARNING: [Synth 8-3331] design xbip_pipe_v3_0_5_viv__parameterized53 has unconnected port SINIT
WARNING: [Synth 8-3331] design xbip_pipe_v3_0_5_viv__parameterized49 has unconnected port SCLR
WARNING: [Synth 8-3331] design xbip_pipe_v3_0_5_viv__parameterized49 has unconnected port SSET
WARNING: [Synth 8-3331] design xbip_pipe_v3_0_5_viv__parameterized49 has unconnected port SINIT
WARNING: [Synth 8-3331] design xbip_pipe_v3_0_5_viv__parameterized47 has unconnected port SCLR
WARNING: [Synth 8-3331] design xbip_pipe_v3_0_5_viv__parameterized47 has unconnected port SSET
WARNING: [Synth 8-3331] design xbip_pipe_v3_0_5_viv__parameterized47 has unconnected port SINIT
WARNING: [Synth 8-3331] design xbip_pipe_v3_0_5_viv__parameterized45 has unconnected port CLK
WARNING: [Synth 8-3331] design xbip_pipe_v3_0_5_viv__parameterized45 has unconnected port CE
WARNING: [Synth 8-3331] design xbip_pipe_v3_0_5_viv__parameterized45 has unconnected port SCLR
WARNING: [Synth 8-3331] design xbip_pipe_v3_0_5_viv__parameterized45 has unconnected port SSET
WARNING: [Synth 8-3331] design xbip_pipe_v3_0_5_viv__parameterized45 has unconnected port SINIT
WARNING: [Synth 8-3331] design xbip_pipe_v3_0_5_viv__parameterized43 has unconnected port CLK
WARNING: [Synth 8-3331] design xbip_pipe_v3_0_5_viv__parameterized43 has unconnected port CE
WARNING: [Synth 8-3331] design xbip_pipe_v3_0_5_viv__parameterized43 has unconnected port SCLR
WARNING: [Synth 8-3331] design xbip_pipe_v3_0_5_viv__parameterized43 has unconnected port SSET
WARNING: [Synth 8-3331] design xbip_pipe_v3_0_5_viv__parameterized43 has unconnected port SINIT
WARNING: [Synth 8-3331] design flt_round_bit has unconnected port NORMALIZE[1]
WARNING: [Synth 8-3331] design flt_round_bit has unconnected port FIXED_POINT
WARNING: [Synth 8-3331] design flt_round_bit has unconnected port FIX_MANT_SIGN
WARNING: [Synth 8-3331] design flt_round_bit has unconnected port SIGN
WARNING: [Synth 8-3331] design xbip_pipe_v3_0_5_viv__parameterized3 has unconnected port SCLR
WARNING: [Synth 8-3331] design xbip_pipe_v3_0_5_viv__parameterized3 has unconnected port SSET
WARNING: [Synth 8-3331] design xbip_pipe_v3_0_5_viv__parameterized3 has unconnected port SINIT
WARNING: [Synth 8-3331] design xbip_pipe_v3_0_5_viv__parameterized17 has unconnected port SCLR
WARNING: [Synth 8-3331] design xbip_pipe_v3_0_5_viv__parameterized17 has unconnected port SSET
WARNING: [Synth 8-3331] design xbip_pipe_v3_0_5_viv__parameterized17 has unconnected port SINIT
WARNING: [Synth 8-3331] design xbip_pipe_v3_0_5_viv__parameterized41 has unconnected port CLK
WARNING: [Synth 8-3331] design xbip_pipe_v3_0_5_viv__parameterized41 has unconnected port CE
WARNING: [Synth 8-3331] design xbip_pipe_v3_0_5_viv__parameterized41 has unconnected port SCLR
WARNING: [Synth 8-3331] design xbip_pipe_v3_0_5_viv__parameterized41 has unconnected port SSET
WARNING: [Synth 8-3331] design xbip_pipe_v3_0_5_viv__parameterized41 has unconnected port SINIT
WARNING: [Synth 8-3331] design xbip_pipe_v3_0_5_viv__parameterized37 has unconnected port SCLR
WARNING: [Synth 8-3331] design xbip_pipe_v3_0_5_viv__parameterized37 has unconnected port SSET
WARNING: [Synth 8-3331] design xbip_pipe_v3_0_5_viv__parameterized37 has unconnected port SINIT
WARNING: [Synth 8-3331] design xbip_pipe_v3_0_5_viv__parameterized39 has unconnected port CLK
WARNING: [Synth 8-3331] design xbip_pipe_v3_0_5_viv__parameterized39 has unconnected port CE
WARNING: [Synth 8-3331] design xbip_pipe_v3_0_5_viv__parameterized39 has unconnected port SCLR
WARNING: [Synth 8-3331] design xbip_pipe_v3_0_5_viv__parameterized39 has unconnected port SSET
WARNING: [Synth 8-3331] design xbip_pipe_v3_0_5_viv__parameterized39 has unconnected port SINIT
WARNING: [Synth 8-3331] design flt_mult_round has unconnected port MANT_CASC_IN[47]
WARNING: [Synth 8-3331] design flt_mult_round has unconnected port MANT_CASC_IN[46]
WARNING: [Synth 8-3331] design flt_mult_round has unconnected port MANT_CASC_IN[45]
WARNING: [Synth 8-3331] design flt_mult_round has unconnected port MANT_CASC_IN[44]
WARNING: [Synth 8-3331] design flt_mult_round has unconnected port MANT_CASC_IN[43]
WARNING: [Synth 8-3331] design flt_mult_round has unconnected port MANT_CASC_IN[42]
WARNING: [Synth 8-3331] design flt_mult_round has unconnected port MANT_CASC_IN[41]
WARNING: [Synth 8-3331] design flt_mult_round has unconnected port MANT_CASC_IN[40]
WARNING: [Synth 8-3331] design flt_mult_round has unconnected port MANT_CASC_IN[39]
WARNING: [Synth 8-3331] design flt_mult_round has unconnected port MANT_CASC_IN[38]
WARNING: [Synth 8-3331] design flt_mult_round has unconnected port MANT_CASC_IN[37]
WARNING: [Synth 8-3331] design flt_mult_round has unconnected port MANT_CASC_IN[36]
WARNING: [Synth 8-3331] design flt_mult_round has unconnected port MANT_CASC_IN[35]
WARNING: [Synth 8-3331] design flt_mult_round has unconnected port MANT_CASC_IN[34]
WARNING: [Synth 8-3331] design flt_mult_round has unconnected port MANT_CASC_IN[33]
WARNING: [Synth 8-3331] design flt_mult_round has unconnected port MANT_CASC_IN[32]
WARNING: [Synth 8-3331] design flt_mult_round has unconnected port MANT_CASC_IN[31]
WARNING: [Synth 8-3331] design flt_mult_round has unconnected port MANT_CASC_IN[30]
WARNING: [Synth 8-3331] design flt_mult_round has unconnected port MANT_CASC_IN[29]
WARNING: [Synth 8-3331] design flt_mult_round has unconnected port MANT_CASC_IN[28]
WARNING: [Synth 8-3331] design flt_mult_round has unconnected port MANT_CASC_IN[27]
WARNING: [Synth 8-3331] design flt_mult_round has unconnected port MANT_CASC_IN[26]
WARNING: [Synth 8-3331] design flt_mult_round has unconnected port MANT_CASC_IN[25]
WARNING: [Synth 8-3331] design flt_mult_round has unconnected port MANT_CASC_IN[24]
WARNING: [Synth 8-3331] design flt_mult_round has unconnected port MANT_CASC_IN[23]
WARNING: [Synth 8-3331] design flt_mult_round has unconnected port MANT_CASC_IN[22]
WARNING: [Synth 8-3331] design flt_mult_round has unconnected port MANT_CASC_IN[21]
WARNING: [Synth 8-3331] design flt_mult_round has unconnected port MANT_CASC_IN[20]
WARNING: [Synth 8-3331] design flt_mult_round has unconnected port MANT_CASC_IN[19]
WARNING: [Synth 8-3331] design flt_mult_round has unconnected port MANT_CASC_IN[18]
WARNING: [Synth 8-3331] design flt_mult_round has unconnected port MANT_CASC_IN[17]
WARNING: [Synth 8-3331] design flt_mult_round has unconnected port MANT_CASC_IN[16]
INFO: [Common 17-14] Message 'Synth 8-3331' appears 100 times and further instances of the messages will be disabled. Use the Tcl command set_msg_config to change the current settings.
---------------------------------------------------------------------------------
Finished RTL Elaboration : Time (s): cpu = 00:01:24 ; elapsed = 00:01:26 . Memory (MB): peak = 856.156 ; gain = 583.012
---------------------------------------------------------------------------------

Report Check Netlist: 
+------+------------------+-------+---------+-------+------------------+
|      |Item              |Errors |Warnings |Status |Description       |
+------+------------------+-------+---------+-------+------------------+
|1     |multi_driven_nets |      0|        0|Passed |Multi driven nets |
+------+------------------+-------+---------+-------+------------------+
---------------------------------------------------------------------------------
Start Handling Custom Attributes
---------------------------------------------------------------------------------
---------------------------------------------------------------------------------
Finished Handling Custom Attributes : Time (s): cpu = 00:01:24 ; elapsed = 00:01:26 . Memory (MB): peak = 856.156 ; gain = 583.012
---------------------------------------------------------------------------------
---------------------------------------------------------------------------------
Finished RTL Optimization Phase 1 : Time (s): cpu = 00:01:24 ; elapsed = 00:01:26 . Memory (MB): peak = 856.156 ; gain = 583.012
---------------------------------------------------------------------------------
INFO: [Netlist 29-17] Analyzing 116 Unisim elements for replacement
INFO: [Netlist 29-28] Unisim Transformation completed in 0 CPU seconds
INFO: [Device 21-403] Loading part xc7z035ffg676-2
INFO: [Project 1-570] Preparing netlist for logic optimization

Processing XDC Constraints
Initializing timing engine
Parsing XDC File [L:/PersonalProjects/Xilinx/SpectrumAnalyzer_FFT_windows/SpectrumAnalyzer_FFT_windows.runs/design_1_window_0_0_synth_1/dont_touch.xdc]
Finished Parsing XDC File [L:/PersonalProjects/Xilinx/SpectrumAnalyzer_FFT_windows/SpectrumAnalyzer_FFT_windows.runs/design_1_window_0_0_synth_1/dont_touch.xdc]
Completed Processing XDC Constraints

Netlist sorting complete. Time (s): cpu = 00:00:00 ; elapsed = 00:00:00.001 . Memory (MB): peak = 856.156 ; gain = 0.000
INFO: [Project 1-111] Unisim Transformation Summary:
  A total of 5 instances were transformed.
  FDE => FDRE: 5 instances

Netlist sorting complete. Time (s): cpu = 00:00:00 ; elapsed = 00:00:00.002 . Memory (MB): peak = 856.156 ; gain = 0.000
Constraint Validation Runtime : Time (s): cpu = 00:00:00 ; elapsed = 00:00:00.038 . Memory (MB): peak = 856.156 ; gain = 0.000
---------------------------------------------------------------------------------
Finished Constraint Validation : Time (s): cpu = 00:01:33 ; elapsed = 00:01:35 . Memory (MB): peak = 856.156 ; gain = 583.012
---------------------------------------------------------------------------------
---------------------------------------------------------------------------------
Start Loading Part and Timing Information
---------------------------------------------------------------------------------
Loading part: xc7z035ffg676-2
---------------------------------------------------------------------------------
Finished Loading Part and Timing Information : Time (s): cpu = 00:01:33 ; elapsed = 00:01:35 . Memory (MB): peak = 856.156 ; gain = 583.012
---------------------------------------------------------------------------------
---------------------------------------------------------------------------------
Start Applying 'set_property' XDC Constraints
---------------------------------------------------------------------------------
Applied set_property DONT_TOUCH = true for inst/win_coefficient_w1. (constraint file  auto generated constraint, line ).
Applied set_property DONT_TOUCH = true for inst/rom_win_blackman. (constraint file  auto generated constraint, line ).
Applied set_property DONT_TOUCH = true for inst/rom_win_hann. (constraint file  auto generated constraint, line ).
---------------------------------------------------------------------------------
Finished applying 'set_property' XDC Constraints : Time (s): cpu = 00:01:33 ; elapsed = 00:01:35 . Memory (MB): peak = 856.156 ; gain = 583.012
---------------------------------------------------------------------------------
INFO: [Synth 8-5546] ROM "exp_all_one_ip" won't be mapped to RAM because it is too sparse
INFO: [Synth 8-5546] ROM "exp_all_zero_ip" won't be mapped to RAM because it is too sparse
INFO: [Synth 8-5546] ROM "exp_just_over_sig" won't be mapped to RAM because it is too sparse
INFO: [Synth 8-5546] ROM "flow_sig" won't be mapped to RAM because it is too sparse
INFO: [Synth 8-5546] ROM "flow_sig" won't be mapped to RAM because it is too sparse
INFO: [Synth 8-5546] ROM "exp_just_over_sig" won't be mapped to RAM because it is too sparse
INFO: [Synth 8-5546] ROM "flow_sig" won't be mapped to RAM because it is too sparse
INFO: [Synth 8-5546] ROM "flow_sig" won't be mapped to RAM because it is too sparse
INFO: [Synth 8-5544] ROM "state_int_up" won't be mapped to Block RAM because address size (1) smaller than threshold (5)
INFO: [Synth 8-5546] ROM "m_axis_data_tlast" won't be mapped to RAM because it is too sparse
INFO: [Synth 8-5546] ROM "m_axis_data_tvalid" won't be mapped to RAM because it is too sparse
INFO: [Synth 8-5546] ROM "ena" won't be mapped to RAM because it is too sparse
INFO: [Synth 8-5546] ROM "s_axis_tvalid" won't be mapped to RAM because it is too sparse
---------------------------------------------------------------------------------
Finished RTL Optimization Phase 2 : Time (s): cpu = 00:01:34 ; elapsed = 00:01:37 . Memory (MB): peak = 856.156 ; gain = 583.012
---------------------------------------------------------------------------------
INFO: [Synth 8-223] decloning instance 'inst/win_coefficient_w1/U0/i_synth/DELAY_DIVIDE_BY_ZERO' (delay__parameterized13) to 'inst/win_coefficient_w1/U0/i_synth/DELAY_ACCUM_OVERFLOW'
INFO: [Synth 8-223] decloning instance 'inst/win_coefficient_w1/U0/i_synth/DELAY_DIVIDE_BY_ZERO' (delay__parameterized13) to 'inst/win_coefficient_w1/U0/i_synth/DELAY_ACCUM_INPUT_OVERFLOW'
INFO: [Synth 8-223] decloning instance 'inst/win_coefficient_w1/U0/i_synth/MULT.OP/R_AND_R/LOGIC.R_AND_R/EXTRA_LSB_BIT_DEL' (delay__parameterized13) to 'inst/win_coefficient_w1/U0/i_synth/MULT.OP/R_AND_R/LOGIC.R_AND_R/EXTRA_LSB_RND1_DEL'

Report RTL Partitions: 
+-+--------------+------------+----------+
| |RTL Partition |Replication |Instances |
+-+--------------+------------+----------+
+-+--------------+------------+----------+
---------------------------------------------------------------------------------
Start RTL Component Statistics 
---------------------------------------------------------------------------------
---------------------------------------------------------------------------------
Finished RTL Component Statistics 
---------------------------------------------------------------------------------
---------------------------------------------------------------------------------
Start RTL Hierarchical Component Statistics 
---------------------------------------------------------------------------------
---------------------------------------------------------------------------------
Finished RTL Hierarchical Component Statistics
---------------------------------------------------------------------------------
---------------------------------------------------------------------------------
Start Part Resource Summary
---------------------------------------------------------------------------------
Part Resources:
DSPs: 900 (col length:140)
BRAMs: 1000 (col length: RAMB18 140 RAMB36 70)
---------------------------------------------------------------------------------
Finished Part Resource Summary
---------------------------------------------------------------------------------
---------------------------------------------------------------------------------
Start Cross Boundary and Area Optimization
---------------------------------------------------------------------------------
Warning: Parallel synthesis criteria is not met 
INFO: [Synth 8-5546] ROM "MULT.OP/EXP/COND_DET_A/exp_all_one_ip" won't be mapped to RAM because it is too sparse
INFO: [Synth 8-5546] ROM "MULT.OP/EXP/COND_DET_A/exp_all_zero_ip" won't be mapped to RAM because it is too sparse
INFO: [Synth 8-5546] ROM "MULT.OP/EXP/COND_DET_B/exp_all_one_ip" won't be mapped to RAM because it is too sparse
INFO: [Synth 8-5546] ROM "MULT.OP/EXP/COND_DET_B/exp_all_zero_ip" won't be mapped to RAM because it is too sparse
INFO: [Synth 8-5546] ROM "MULT.OP/EXP/exp_just_over_sig" won't be mapped to RAM because it is too sparse
INFO: [Synth 8-5546] ROM "MULT.OP/EXP/flow_sig" won't be mapped to RAM because it is too sparse
INFO: [Synth 8-5546] ROM "MULT.OP/EXP/flow_sig" won't be mapped to RAM because it is too sparse
INFO: [Synth 8-5546] ROM "m_axis_data_tvalid0" won't be mapped to RAM because it is too sparse
INFO: [Synth 8-5546] ROM "inst/m_axis_data_tvalid" won't be mapped to RAM because it is too sparse
INFO: [Synth 8-5546] ROM "inst/m_axis_data_tlast" won't be mapped to RAM because it is too sparse
INFO: [Synth 8-5546] ROM "p_0_out" won't be mapped to RAM because it is too sparse
INFO: [Synth 8-5546] ROM "inst/s_axis_tvalid" won't be mapped to RAM because it is too sparse
INFO: [Synth 8-5546] ROM "ena0" won't be mapped to RAM because it is too sparse
INFO: [Synth 8-5546] ROM "inst/ena" won't be mapped to RAM because it is too sparse
INFO: [Synth 8-3886] merging instance 'inst/win_coefficient_w1/U0/i_synth/MULT.OP/R_AND_R/LOGIC.R_AND_R/EXP_IN_DELAY.EXP_OFF_OP_DEL/i_pipe/opt_has_pipe.first_q_reg[0]' (FDE) to 'inst/win_coefficient_w1/U0/i_synth/MULT.OP/R_AND_R/LOGIC.R_AND_R/EXP_IN_DELAY.EXP_OFF_OP_DEL/i_pipe/opt_has_pipe.first_q_reg[1]'
INFO: [Synth 8-3886] merging instance 'inst/win_coefficient_w1/U0/i_synth/MULT.OP/R_AND_R/LOGIC.R_AND_R/EXP_IN_DELAY.EXP_OFF_OP_DEL/i_pipe/opt_has_pipe.first_q_reg[1]' (FDE) to 'inst/win_coefficient_w1/U0/i_synth/MULT.OP/R_AND_R/LOGIC.R_AND_R/EXP_IN_DELAY.EXP_OFF_OP_DEL/i_pipe/opt_has_pipe.first_q_reg[2]'
INFO: [Synth 8-3886] merging instance 'inst/win_coefficient_w1/U0/i_synth/MULT.OP/R_AND_R/LOGIC.R_AND_R/EXP_IN_DELAY.EXP_OFF_OP_DEL/i_pipe/opt_has_pipe.first_q_reg[2]' (FDE) to 'inst/win_coefficient_w1/U0/i_synth/MULT.OP/R_AND_R/LOGIC.R_AND_R/EXP_IN_DELAY.EXP_OFF_OP_DEL/i_pipe/opt_has_pipe.first_q_reg[3]'
INFO: [Synth 8-3886] merging instance 'inst/win_coefficient_w1/U0/i_synth/MULT.OP/R_AND_R/LOGIC.R_AND_R/EXP_IN_DELAY.EXP_OFF_OP_DEL/i_pipe/opt_has_pipe.first_q_reg[3]' (FDE) to 'inst/win_coefficient_w1/U0/i_synth/MULT.OP/R_AND_R/LOGIC.R_AND_R/EXP_IN_DELAY.EXP_OFF_OP_DEL/i_pipe/opt_has_pipe.first_q_reg[4]'
INFO: [Synth 8-3886] merging instance 'inst/win_coefficient_w1/U0/i_synth/MULT.OP/R_AND_R/LOGIC.R_AND_R/EXP_IN_DELAY.EXP_OFF_OP_DEL/i_pipe/opt_has_pipe.first_q_reg[4]' (FDE) to 'inst/win_coefficient_w1/U0/i_synth/MULT.OP/R_AND_R/LOGIC.R_AND_R/EXP_IN_DELAY.EXP_OFF_OP_DEL/i_pipe/opt_has_pipe.first_q_reg[5]'
INFO: [Synth 8-3886] merging instance 'inst/win_coefficient_w1/U0/i_synth/MULT.OP/R_AND_R/LOGIC.R_AND_R/EXP_IN_DELAY.EXP_OFF_OP_DEL/i_pipe/opt_has_pipe.first_q_reg[5]' (FDE) to 'inst/win_coefficient_w1/U0/i_synth/MULT.OP/R_AND_R/LOGIC.R_AND_R/EXP_IN_DELAY.EXP_OFF_OP_DEL/i_pipe/opt_has_pipe.first_q_reg[6]'
INFO: [Synth 8-3886] merging instance 'inst/win_coefficient_w1/U0/i_synth/MULT.OP/R_AND_R/LOGIC.R_AND_R/EXP_IN_DELAY.EXP_OFF_OP_DEL/i_pipe/opt_has_pipe.first_q_reg[6]' (FDE) to 'inst/win_coefficient_w1/U0/i_synth/MULT.OP/EXP/STATE_DEC_DELAY/i_pipe/opt_has_pipe.first_q_reg[6]'
INFO: [Synth 8-3886] merging instance 'inst/win_coefficient_w1/U0/i_synth/MULT.OP/EXP/STATE_DEC_DELAY/i_pipe/opt_has_pipe.first_q_reg[8]' (FDE) to 'inst/win_coefficient_w1/U0/i_synth/MULT.OP/EXP/STATE_DEC_DELAY/i_pipe/opt_has_pipe.first_q_reg[4]'
INFO: [Synth 8-3886] merging instance 'inst/win_coefficient_w1/U0/i_synth/MULT.OP/EXP/STATE_DEC_DELAY/i_pipe/opt_has_pipe.first_q_reg[10]' (FDE) to 'inst/win_coefficient_w1/U0/i_synth/MULT.OP/EXP/STATE_DEC_DELAY/i_pipe/opt_has_pipe.first_q_reg[4]'
INFO: [Synth 8-3886] merging instance 'inst/win_coefficient_w1/U0/i_synth/MULT.OP/EXP/STATE_DEC_DELAY/i_pipe/opt_has_pipe.first_q_reg[9]' (FDE) to 'inst/win_coefficient_w1/U0/i_synth/MULT.OP/EXP/STATE_DEC_DELAY/i_pipe/opt_has_pipe.first_q_reg[5]'
INFO: [Synth 8-3886] merging instance 'inst/win_coefficient_w1/U0/i_synth/MULT.OP/EXP/STATE_DEC_DELAY/i_pipe/opt_has_pipe.first_q_reg[11]' (FDE) to 'inst/win_coefficient_w1/U0/i_synth/MULT.OP/EXP/STATE_DEC_DELAY/i_pipe/opt_has_pipe.first_q_reg[5]'
INFO: [Synth 8-3886] merging instance 'inst/win_coefficient_w1/U0/i_synth/MULT.OP/R_AND_R/LOGIC.R_AND_R/EXP_IN_DELAY.EXP_OFF_OP_DEL/i_pipe/opt_has_pipe.i_pipe[2].pipe_reg[2][0]' (FDE) to 'inst/win_coefficient_w1/U0/i_synth/MULT.OP/R_AND_R/LOGIC.R_AND_R/EXP_IN_DELAY.EXP_OFF_OP_DEL/i_pipe/opt_has_pipe.i_pipe[2].pipe_reg[2][1]'
INFO: [Synth 8-3886] merging instance 'inst/win_coefficient_w1/U0/i_synth/MULT.OP/R_AND_R/LOGIC.R_AND_R/EXP_IN_DELAY.EXP_OFF_OP_DEL/i_pipe/opt_has_pipe.i_pipe[2].pipe_reg[2][1]' (FDE) to 'inst/win_coefficient_w1/U0/i_synth/MULT.OP/R_AND_R/LOGIC.R_AND_R/EXP_IN_DELAY.EXP_OFF_OP_DEL/i_pipe/opt_has_pipe.i_pipe[2].pipe_reg[2][2]'
INFO: [Synth 8-3886] merging instance 'inst/win_coefficient_w1/U0/i_synth/MULT.OP/R_AND_R/LOGIC.R_AND_R/EXP_IN_DELAY.EXP_OFF_OP_DEL/i_pipe/opt_has_pipe.i_pipe[2].pipe_reg[2][2]' (FDE) to 'inst/win_coefficient_w1/U0/i_synth/MULT.OP/R_AND_R/LOGIC.R_AND_R/EXP_IN_DELAY.EXP_OFF_OP_DEL/i_pipe/opt_has_pipe.i_pipe[2].pipe_reg[2][3]'
INFO: [Synth 8-3886] merging instance 'inst/win_coefficient_w1/U0/i_synth/MULT.OP/R_AND_R/LOGIC.R_AND_R/EXP_IN_DELAY.EXP_OFF_OP_DEL/i_pipe/opt_has_pipe.i_pipe[2].pipe_reg[2][3]' (FDE) to 'inst/win_coefficient_w1/U0/i_synth/MULT.OP/R_AND_R/LOGIC.R_AND_R/EXP_IN_DELAY.EXP_OFF_OP_DEL/i_pipe/opt_has_pipe.i_pipe[2].pipe_reg[2][4]'
INFO: [Synth 8-3886] merging instance 'inst/win_coefficient_w1/U0/i_synth/MULT.OP/R_AND_R/LOGIC.R_AND_R/EXP_IN_DELAY.EXP_OFF_OP_DEL/i_pipe/opt_has_pipe.i_pipe[2].pipe_reg[2][4]' (FDE) to 'inst/win_coefficient_w1/U0/i_synth/MULT.OP/R_AND_R/LOGIC.R_AND_R/EXP_IN_DELAY.EXP_OFF_OP_DEL/i_pipe/opt_has_pipe.i_pipe[2].pipe_reg[2][5]'
INFO: [Synth 8-3886] merging instance 'inst/win_coefficient_w1/U0/i_synth/MULT.OP/R_AND_R/LOGIC.R_AND_R/EXP_IN_DELAY.EXP_OFF_OP_DEL/i_pipe/opt_has_pipe.i_pipe[2].pipe_reg[2][5]' (FDE) to 'inst/win_coefficient_w1/U0/i_synth/MULT.OP/R_AND_R/LOGIC.R_AND_R/EXP_IN_DELAY.EXP_OFF_OP_DEL/i_pipe/opt_has_pipe.i_pipe[2].pipe_reg[2][6]'
INFO: [Synth 8-3886] merging instance 'inst/win_coefficient_w1/U0/i_synth/MULT.OP/EXP/STATE_DEC_DELAY/i_pipe/opt_has_pipe.first_q_reg[6]' (FDE) to 'inst/win_coefficient_w1/U0/i_synth/MULT.OP/EXP/STATE_DEC_DELAY/i_pipe/opt_has_pipe.first_q_reg[7]'
INFO: [Synth 8-3333] propagating constant 0 across sequential element (\inst/win_coefficient_w1 /U0/i_synth/\MULT.OP/EXP/STATE_DEC_DELAY/i_pipe/opt_has_pipe.first_q_reg[7] )
INFO: [Synth 8-3886] merging instance 'inst/win_coefficient_w1/U0/i_synth/MULT.OP/EXP/STATE_DEC_DELAY/i_pipe/opt_has_pipe.first_q_reg[7]' (FDE) to 'inst/win_coefficient_w1/U0/i_synth/MULT.OP/R_AND_R/LOGIC.R_AND_R/EXP_IN_DELAY.EXP_OFF_OP_DEL/i_pipe/opt_has_pipe.i_pipe[2].pipe_reg[2][6]'
INFO: [Synth 8-3333] propagating constant 0 across sequential element (\inst/win_coefficient_w1 /U0/i_synth/\MULT.OP/R_AND_R/LOGIC.R_AND_R/EXP_IN_DELAY.EXP_OFF_OP_DEL/i_pipe/opt_has_pipe.i_pipe[2].pipe_reg[2][6] )
---------------------------------------------------------------------------------
Finished Cross Boundary and Area Optimization : Time (s): cpu = 00:01:35 ; elapsed = 00:01:38 . Memory (MB): peak = 856.156 ; gain = 583.012
---------------------------------------------------------------------------------

Report RTL Partitions: 
+-+--------------+------------+----------+
| |RTL Partition |Replication |Instances |
+-+--------------+------------+----------+
+-+--------------+------------+----------+
---------------------------------------------------------------------------------
Start Applying XDC Timing Constraints
---------------------------------------------------------------------------------
---------------------------------------------------------------------------------
Finished Applying XDC Timing Constraints : Time (s): cpu = 00:01:47 ; elapsed = 00:01:49 . Memory (MB): peak = 932.070 ; gain = 658.926
---------------------------------------------------------------------------------
---------------------------------------------------------------------------------
Start Timing Optimization
---------------------------------------------------------------------------------
---------------------------------------------------------------------------------
Finished Timing Optimization : Time (s): cpu = 00:01:47 ; elapsed = 00:01:49 . Memory (MB): peak = 932.742 ; gain = 659.598
---------------------------------------------------------------------------------

Report RTL Partitions: 
+-+--------------+------------+----------+
| |RTL Partition |Replication |Instances |
+-+--------------+------------+----------+
+-+--------------+------------+----------+
---------------------------------------------------------------------------------
Start Technology Mapping
---------------------------------------------------------------------------------
---------------------------------------------------------------------------------
Finished Technology Mapping : Time (s): cpu = 00:01:47 ; elapsed = 00:01:49 . Memory (MB): peak = 952.445 ; gain = 679.301
---------------------------------------------------------------------------------

Report RTL Partitions: 
+-+--------------+------------+----------+
| |RTL Partition |Replication |Instances |
+-+--------------+------------+----------+
+-+--------------+------------+----------+
---------------------------------------------------------------------------------
Start IO Insertion
---------------------------------------------------------------------------------
---------------------------------------------------------------------------------
Start Flattening Before IO Insertion
---------------------------------------------------------------------------------
---------------------------------------------------------------------------------
Finished Flattening Before IO Insertion
---------------------------------------------------------------------------------
---------------------------------------------------------------------------------
Start Final Netlist Cleanup
---------------------------------------------------------------------------------
---------------------------------------------------------------------------------
Finished Final Netlist Cleanup
---------------------------------------------------------------------------------
---------------------------------------------------------------------------------
Finished IO Insertion : Time (s): cpu = 00:01:48 ; elapsed = 00:01:50 . Memory (MB): peak = 952.445 ; gain = 679.301
---------------------------------------------------------------------------------

Report Check Netlist: 
+------+------------------+-------+---------+-------+------------------+
|      |Item              |Errors |Warnings |Status |Description       |
+------+------------------+-------+---------+-------+------------------+
|1     |multi_driven_nets |      0|        0|Passed |Multi driven nets |
+------+------------------+-------+---------+-------+------------------+
---------------------------------------------------------------------------------
Start Renaming Generated Instances
---------------------------------------------------------------------------------
---------------------------------------------------------------------------------
Finished Renaming Generated Instances : Time (s): cpu = 00:01:48 ; elapsed = 00:01:50 . Memory (MB): peak = 952.445 ; gain = 679.301
---------------------------------------------------------------------------------

Report RTL Partitions: 
+-+--------------+------------+----------+
| |RTL Partition |Replication |Instances |
+-+--------------+------------+----------+
+-+--------------+------------+----------+
---------------------------------------------------------------------------------
Start Rebuilding User Hierarchy
---------------------------------------------------------------------------------
---------------------------------------------------------------------------------
Finished Rebuilding User Hierarchy : Time (s): cpu = 00:01:48 ; elapsed = 00:01:50 . Memory (MB): peak = 952.445 ; gain = 679.301
---------------------------------------------------------------------------------
---------------------------------------------------------------------------------
Start Renaming Generated Ports
---------------------------------------------------------------------------------
---------------------------------------------------------------------------------
Finished Renaming Generated Ports : Time (s): cpu = 00:01:48 ; elapsed = 00:01:50 . Memory (MB): peak = 952.445 ; gain = 679.301
---------------------------------------------------------------------------------
---------------------------------------------------------------------------------
Start Handling Custom Attributes
---------------------------------------------------------------------------------
---------------------------------------------------------------------------------
Finished Handling Custom Attributes : Time (s): cpu = 00:01:48 ; elapsed = 00:01:50 . Memory (MB): peak = 952.445 ; gain = 679.301
---------------------------------------------------------------------------------
---------------------------------------------------------------------------------
Start Renaming Generated Nets
---------------------------------------------------------------------------------
---------------------------------------------------------------------------------
Finished Renaming Generated Nets : Time (s): cpu = 00:01:48 ; elapsed = 00:01:50 . Memory (MB): peak = 952.445 ; gain = 679.301
---------------------------------------------------------------------------------
---------------------------------------------------------------------------------
Start Writing Synthesis Report
---------------------------------------------------------------------------------

Report BlackBoxes: 
+-+--------------+----------+
| |BlackBox name |Instances |
+-+--------------+----------+
+-+--------------+----------+

Report Cell Usage: 
+------+------------+------+
|      |Cell        |Count |
+------+------------+------+
|1     |CARRY4      |     7|
|2     |DSP48E1     |     1|
|3     |DSP48E1_1   |     1|
|4     |LUT1        |     5|
|5     |LUT2        |    68|
|6     |LUT3        |   169|
|7     |LUT4        |    46|
|8     |LUT5        |    19|
|9     |LUT6        |    30|
|10    |MUXCY       |    50|
|11    |RAMB18E1    |     1|
|12    |RAMB18E1_1  |     1|
|13    |RAMB36E1    |     1|
|14    |RAMB36E1_1  |     1|
|15    |RAMB36E1_10 |     1|
|16    |RAMB36E1_11 |     1|
|17    |RAMB36E1_12 |     1|
|18    |RAMB36E1_13 |     1|
|19    |RAMB36E1_2  |     1|
|20    |RAMB36E1_3  |     1|
|21    |RAMB36E1_4  |     1|
|22    |RAMB36E1_5  |     1|
|23    |RAMB36E1_6  |     1|
|24    |RAMB36E1_7  |     1|
|25    |RAMB36E1_8  |     1|
|26    |RAMB36E1_9  |     1|
|27    |SRL16E      |    16|
|28    |XORCY       |    43|
|29    |FDCE        |    56|
|30    |FDE         |     5|
|31    |FDPE        |     7|
|32    |FDRE        |   305|
+------+------------+------+
---------------------------------------------------------------------------------
Finished Writing Synthesis Report : Time (s): cpu = 00:01:48 ; elapsed = 00:01:50 . Memory (MB): peak = 952.445 ; gain = 679.301
---------------------------------------------------------------------------------
Synthesis finished with 0 errors, 0 critical warnings and 515 warnings.
Synthesis Optimization Runtime : Time (s): cpu = 00:00:17 ; elapsed = 00:01:44 . Memory (MB): peak = 952.445 ; gain = 679.301
Synthesis Optimization Complete : Time (s): cpu = 00:01:48 ; elapsed = 00:01:51 . Memory (MB): peak = 952.445 ; gain = 679.301
INFO: [Project 1-571] Translating synthesized netlist
INFO: [Netlist 29-17] Analyzing 123 Unisim elements for replacement
INFO: [Netlist 29-28] Unisim Transformation completed in 0 CPU seconds
INFO: [Project 1-570] Preparing netlist for logic optimization
INFO: [Opt 31-138] Pushed 0 inverter(s) to 0 load pin(s).
Netlist sorting complete. Time (s): cpu = 00:00:00 ; elapsed = 00:00:00.001 . Memory (MB): peak = 956.793 ; gain = 0.000
INFO: [Project 1-111] Unisim Transformation Summary:
  A total of 20 instances were transformed.
  (MUXCY,XORCY) => CARRY4: 15 instances
  FDE => FDRE: 5 instances

INFO: [Common 17-83] Releasing license: Synthesis
83 Infos, 102 Warnings, 0 Critical Warnings and 0 Errors encountered.
synth_design completed successfully
synth_design: Time (s): cpu = 00:01:51 ; elapsed = 00:01:54 . Memory (MB): peak = 956.793 ; gain = 689.359
Netlist sorting complete. Time (s): cpu = 00:00:00 ; elapsed = 00:00:00.001 . Memory (MB): peak = 956.793 ; gain = 0.000
WARNING: [Constraints 18-5210] No constraints selected for write.
Resolution: This message can indicate that there are no constraints for the design, or it can indicate that the used_in flags are set such that the constraints are ignored. This later case is used when running synth_design to not write synthesis constraints to the resulting checkpoint. Instead, project constraints are read when the synthesized design is opened.
INFO: [Common 17-1381] The checkpoint 'L:/PersonalProjects/Xilinx/SpectrumAnalyzer_FFT_windows/SpectrumAnalyzer_FFT_windows.runs/design_1_window_0_0_synth_1/design_1_window_0_0.dcp' has been generated.
INFO: [Coretcl 2-1174] Renamed 122 cell refs.
Netlist sorting complete. Time (s): cpu = 00:00:00 ; elapsed = 00:00:00.001 . Memory (MB): peak = 956.793 ; gain = 0.000
WARNING: [Constraints 18-5210] No constraints selected for write.
Resolution: This message can indicate that there are no constraints for the design, or it can indicate that the used_in flags are set such that the constraints are ignored. This later case is used when running synth_design to not write synthesis constraints to the resulting checkpoint. Instead, project constraints are read when the synthesized design is opened.
INFO: [Common 17-1381] The checkpoint 'L:/PersonalProjects/Xilinx/SpectrumAnalyzer_FFT_windows/SpectrumAnalyzer_FFT_windows.runs/design_1_window_0_0_synth_1/design_1_window_0_0.dcp' has been generated.
INFO: [runtcl-4] Executing : report_utilization -file design_1_window_0_0_utilization_synth.rpt -pb design_1_window_0_0_utilization_synth.pb
INFO: [Common 17-206] Exiting Vivado at Thu Nov 24 17:07:23 2022...
