#-----------------------------------------------------------
# Webtalk v2018.3 (64-bit)
# SW Build 2405991 on Thu Dec  6 23:38:27 MST 2018
# 
# Start of session at: Sat Nov 19 11:33:46 2022
# Process ID: 23160
# Current directory: L:/PersonalProjects/Xilinx/SpectrumAnalyzer_FFT_windows/SpectrumAnalyzer_FFT_windows.sdk/webtalk
# Command line: wbtcv.exe -mode batch -source sdk_webtalk.tcl
# Log file: L:/PersonalProjects/Xilinx/SpectrumAnalyzer_FFT_windows/SpectrumAnalyzer_FFT_windows.sdk/webtalk/webtalk.log
# Journal file: L:/PersonalProjects/Xilinx/SpectrumAnalyzer_FFT_windows/SpectrumAnalyzer_FFT_windows.sdk/webtalk\webtalk.jou
#-----------------------------------------------------------
source sdk_webtalk.tcl
# webtalk_init -webtalk_dir L:\\PersonalProjects\\Xilinx\\SpectrumAnalyzer_FFT_windows\\SpectrumAnalyzer_FFT_windows.sdk\\webtalk
# webtalk_register_client -client project
# webtalk_add_data -client project -key date_generated -value "2022-11-19 11:33:45" -context "software_version_and_target_device"
# webtalk_add_data -client project -key product_version -value "SDK v2018.3" -context "software_version_and_target_device"
# webtalk_add_data -client project -key build_version -value "2018.3" -context "software_version_and_target_device"
# webtalk_add_data -client project -key os_platform -value "amd64" -context "software_version_and_target_device"
# webtalk_add_data -client project -key registration_id -value "" -context "software_version_and_target_device"
# webtalk_add_data -client project -key tool_flow -value "SDK" -context "software_version_and_target_device"
# webtalk_add_data -client project -key beta -value "false" -context "software_version_and_target_device"
# webtalk_add_data -client project -key route_design -value "NA" -context "software_version_and_target_device"
# webtalk_add_data -client project -key target_family -value "NA" -context "software_version_and_target_device"
# webtalk_add_data -client project -key target_device -value "NA" -context "software_version_and_target_device"
# webtalk_add_data -client project -key target_package -value "NA" -context "software_version_and_target_device"
# webtalk_add_data -client project -key target_speed -value "NA" -context "software_version_and_target_device"
# webtalk_add_data -client project -key random_id -value "7ijugepou1fn8n258h9rmnre2p" -context "software_version_and_target_device"
# webtalk_add_data -client project -key project_id -value "2018.3_44" -context "software_version_and_target_device"
# webtalk_add_data -client project -key project_iteration -value "44" -context "software_version_and_target_device"
# webtalk_add_data -client project -key os_name -value "Microsoft Windows 8 or later , 64-bit" -context "user_environment"
# webtalk_add_data -client project -key os_release -value "major release  (build 9200)" -context "user_environment"
# webtalk_add_data -client project -key cpu_name -value "12th Gen Intel(R) Core(TM) i7-12700H" -context "user_environment"
# webtalk_add_data -client project -key cpu_speed -value "2688 MHz" -context "user_environment"
# webtalk_add_data -client project -key total_processors -value "1" -context "user_environment"
# webtalk_add_data -client project -key system_ram -value "34.072 GB" -context "user_environment"
# webtalk_register_client -client sdk
# webtalk_add_data -client sdk -key uid -value "1668820748309" -context "sdk\\\\bsp/1668820748309"
# webtalk_add_data -client sdk -key hwid -value "1668657757949" -context "sdk\\\\bsp/1668820748309"
# webtalk_add_data -client sdk -key os -value "standalone" -context "sdk\\\\bsp/1668820748309"
# webtalk_add_data -client sdk -key apptemplate -value "zynq_fsbl" -context "sdk\\\\bsp/1668820748309"
# webtalk_add_data -client sdk -key RecordType -value "BSPCreation" -context "sdk\\\\bsp/1668820748309"
# webtalk_add_data -client sdk -key uid -value "1668820753291" -context "sdk\\\\application/1668820753291"
# webtalk_add_data -client sdk -key hwid -value "1668657757949" -context "sdk\\\\application/1668820753291"
# webtalk_add_data -client sdk -key bspid -value "1668820748309" -context "sdk\\\\application/1668820753291"
# webtalk_add_data -client sdk -key newbsp -value "true" -context "sdk\\\\application/1668820753291"
# webtalk_add_data -client sdk -key os -value "standalone" -context "sdk\\\\application/1668820753291"
# webtalk_add_data -client sdk -key apptemplate -value "zynq_fsbl" -context "sdk\\\\application/1668820753291"
# webtalk_add_data -client sdk -key RecordType -value "APPCreation" -context "sdk\\\\application/1668820753291"
# webtalk_add_data -client sdk -key LangUsed -value "C" -context "sdk\\\\application/1668820753291"
# webtalk_add_data -client sdk -key Procused -value "ps7_cortexa9" -context "sdk\\\\application/1668820753291"
# webtalk_add_data -client sdk -key projSize -value "601.421875" -context "sdk\\\\application/1668820753291"
# webtalk_add_data -client sdk -key uid -value "NA" -context "sdk\\\\bsp/1668828825309"
# webtalk_add_data -client sdk -key RecordType -value "ToolUsage" -context "sdk\\\\bsp/1668828825309"
# webtalk_add_data -client sdk -key BootgenCount -value "1" -context "sdk\\\\bsp/1668828825309"
# webtalk_add_data -client sdk -key DebugCount -value "10" -context "sdk\\\\bsp/1668828825309"
# webtalk_add_data -client sdk -key PerfCount -value "0" -context "sdk\\\\bsp/1668828825309"
# webtalk_add_data -client sdk -key FlashCount -value "0" -context "sdk\\\\bsp/1668828825309"
# webtalk_add_data -client sdk -key CrossTriggCount -value "0" -context "sdk\\\\bsp/1668828825309"
# webtalk_add_data -client sdk -key QemuDebugCount -value "0" -context "sdk\\\\bsp/1668828825309"
# webtalk_transmit -clientid 375851340 -regid "" -xml L:\\PersonalProjects\\Xilinx\\SpectrumAnalyzer_FFT_windows\\SpectrumAnalyzer_FFT_windows.sdk\\webtalk\\usage_statistics_ext_sdk.xml -html L:\\PersonalProjects\\Xilinx\\SpectrumAnalyzer_FFT_windows\\SpectrumAnalyzer_FFT_windows.sdk\\webtalk\\usage_statistics_ext_sdk.html -wdm L:\\PersonalProjects\\Xilinx\\SpectrumAnalyzer_FFT_windows\\SpectrumAnalyzer_FFT_windows.sdk\\webtalk\\sdk_webtalk.wdm -intro "<H3>SDK Usage Report</H3><BR>"
# webtalk_terminate
INFO: [Common 17-206] Exiting Webtalk at Sat Nov 19 11:33:50 2022...
