#-----------------------------------------------------------
# Webtalk v2018.3 (64-bit)
# SW Build 2405991 on Thu Dec  6 23:38:27 MST 2018
# 
# Start of session at: Thu Nov 17 21:56:44 2022
# Process ID: 26408
# Current directory: L:/PersonalProjects/Xilinx/SpectrumAnalyzer_FFT_windows/SpectrumAnalyzer_FFT_windows.sdk/webtalk
# Command line: wbtcv.exe -mode batch -source sdk_webtalk.tcl
# Log file: L:/PersonalProjects/Xilinx/SpectrumAnalyzer_FFT_windows/SpectrumAnalyzer_FFT_windows.sdk/webtalk/webtalk.log
# Journal file: L:/PersonalProjects/Xilinx/SpectrumAnalyzer_FFT_windows/SpectrumAnalyzer_FFT_windows.sdk/webtalk\webtalk.jou
#-----------------------------------------------------------
source sdk_webtalk.tcl
# webtalk_init -webtalk_dir L:\\PersonalProjects\\Xilinx\\SpectrumAnalyzer_FFT_windows\\SpectrumAnalyzer_FFT_windows.sdk\\webtalk
# webtalk_register_client -client project
# webtalk_add_data -client project -key date_generated -value "2022-11-17 21:56:43" -context "software_version_and_target_device"
# webtalk_add_data -client project -key product_version -value "SDK v2018.3" -context "software_version_and_target_device"
# webtalk_add_data -client project -key build_version -value "2018.3" -context "software_version_and_target_device"
# webtalk_add_data -client project -key os_platform -value "amd64" -context "software_version_and_target_device"
# webtalk_add_data -client project -key registration_id -value "" -context "software_version_and_target_device"
# webtalk_add_data -client project -key tool_flow -value "SDK" -context "software_version_and_target_device"
# webtalk_add_data -client project -key beta -value "false" -context "software_version_and_target_device"
# webtalk_add_data -client project -key route_design -value "NA" -context "software_version_and_target_device"
# webtalk_add_data -client project -key target_family -value "NA" -context "software_version_and_target_device"
# webtalk_add_data -client project -key target_device -value "NA" -context "software_version_and_target_device"
# webtalk_add_data -client project -key target_package -value "NA" -context "software_version_and_target_device"
# webtalk_add_data -client project -key target_speed -value "NA" -context "software_version_and_target_device"
# webtalk_add_data -client project -key random_id -value "ok2avjsfq8ar700299of8lckr2" -context "software_version_and_target_device"
# webtalk_add_data -client project -key project_id -value "2018.3_42" -context "software_version_and_target_device"
# webtalk_add_data -client project -key project_iteration -value "42" -context "software_version_and_target_device"
# webtalk_add_data -client project -key os_name -value "Microsoft Windows 8 or later , 64-bit" -context "user_environment"
# webtalk_add_data -client project -key os_release -value "major release  (build 9200)" -context "user_environment"
# webtalk_add_data -client project -key cpu_name -value "12th Gen Intel(R) Core(TM) i7-12700H" -context "user_environment"
# webtalk_add_data -client project -key cpu_speed -value "2688 MHz" -context "user_environment"
# webtalk_add_data -client project -key total_processors -value "1" -context "user_environment"
# webtalk_add_data -client project -key system_ram -value "34.072 GB" -context "user_environment"
# webtalk_register_client -client sdk
# webtalk_add_data -client sdk -key uid -value "1668657757949" -context "sdk\\\\hardware/1668657757949"
# webtalk_add_data -client sdk -key isZynq -value "true" -context "sdk\\\\hardware/1668657757949"
# webtalk_add_data -client sdk -key isZynqMP -value "false" -context "sdk\\\\hardware/1668657757949"
# webtalk_add_data -client sdk -key Processors -value "2" -context "sdk\\\\hardware/1668657757949"
# webtalk_add_data -client sdk -key VivadoVersion -value "2018.3" -context "sdk\\\\hardware/1668657757949"
# webtalk_add_data -client sdk -key Arch -value "zynq" -context "sdk\\\\hardware/1668657757949"
# webtalk_add_data -client sdk -key Device -value "7z035" -context "sdk\\\\hardware/1668657757949"
# webtalk_add_data -client sdk -key IsHandoff -value "true" -context "sdk\\\\hardware/1668657757949"
# webtalk_add_data -client sdk -key os -value "NA" -context "sdk\\\\hardware/1668657757949"
# webtalk_add_data -client sdk -key apptemplate -value "NA" -context "sdk\\\\hardware/1668657757949"
# webtalk_add_data -client sdk -key RecordType -value "HWCreation" -context "sdk\\\\hardware/1668657757949"
# webtalk_add_data -client sdk -key uid -value "1668657778009" -context "sdk\\\\bsp/1668657778009"
# webtalk_add_data -client sdk -key hwid -value "1668657757949" -context "sdk\\\\bsp/1668657778009"
# webtalk_add_data -client sdk -key os -value "standalone" -context "sdk\\\\bsp/1668657778009"
# webtalk_add_data -client sdk -key apptemplate -value "empty_application" -context "sdk\\\\bsp/1668657778009"
# webtalk_add_data -client sdk -key RecordType -value "BSPCreation" -context "sdk\\\\bsp/1668657778009"
# webtalk_add_data -client sdk -key uid -value "1668657779944" -context "sdk\\\\application/1668657779944"
# webtalk_add_data -client sdk -key hwid -value "1668657757949" -context "sdk\\\\application/1668657779944"
# webtalk_add_data -client sdk -key bspid -value "1668657778009" -context "sdk\\\\application/1668657779944"
# webtalk_add_data -client sdk -key newbsp -value "true" -context "sdk\\\\application/1668657779944"
# webtalk_add_data -client sdk -key os -value "standalone" -context "sdk\\\\application/1668657779944"
# webtalk_add_data -client sdk -key apptemplate -value "empty_application" -context "sdk\\\\application/1668657779944"
# webtalk_add_data -client sdk -key RecordType -value "APPCreation" -context "sdk\\\\application/1668657779944"
# webtalk_add_data -client sdk -key LangUsed -value "C" -context "sdk\\\\application/1668657779944"
# webtalk_add_data -client sdk -key Procused -value "ps7_cortexa9" -context "sdk\\\\application/1668657779944"
# webtalk_add_data -client sdk -key projSize -value "1150.4609375" -context "sdk\\\\application/1668657779944"
# webtalk_add_data -client sdk -key uid -value "NA" -context "sdk\\\\bsp/1668693403758"
# webtalk_add_data -client sdk -key RecordType -value "ToolUsage" -context "sdk\\\\bsp/1668693403758"
# webtalk_add_data -client sdk -key BootgenCount -value "0" -context "sdk\\\\bsp/1668693403758"
# webtalk_add_data -client sdk -key DebugCount -value "40" -context "sdk\\\\bsp/1668693403758"
# webtalk_add_data -client sdk -key PerfCount -value "0" -context "sdk\\\\bsp/1668693403758"
# webtalk_add_data -client sdk -key FlashCount -value "0" -context "sdk\\\\bsp/1668693403758"
# webtalk_add_data -client sdk -key CrossTriggCount -value "0" -context "sdk\\\\bsp/1668693403758"
# webtalk_add_data -client sdk -key QemuDebugCount -value "0" -context "sdk\\\\bsp/1668693403758"
# webtalk_transmit -clientid 4125635882 -regid "" -xml L:\\PersonalProjects\\Xilinx\\SpectrumAnalyzer_FFT_windows\\SpectrumAnalyzer_FFT_windows.sdk\\webtalk\\usage_statistics_ext_sdk.xml -html L:\\PersonalProjects\\Xilinx\\SpectrumAnalyzer_FFT_windows\\SpectrumAnalyzer_FFT_windows.sdk\\webtalk\\usage_statistics_ext_sdk.html -wdm L:\\PersonalProjects\\Xilinx\\SpectrumAnalyzer_FFT_windows\\SpectrumAnalyzer_FFT_windows.sdk\\webtalk\\sdk_webtalk.wdm -intro "<H3>SDK Usage Report</H3><BR>"
# webtalk_terminate
INFO: [Common 17-206] Exiting Webtalk at Thu Nov 17 21:56:48 2022...
